ARM GAS  C:\Users\Omistaja\AppData\Local\Temp\cceTJGuk.s 			page 1


   1              		.syntax unified
   2              		.cpu cortex-m3
   3              		.fpu softvfp
   4              		.eabi_attribute 20, 1
   5              		.eabi_attribute 21, 1
   6              		.eabi_attribute 23, 3
   7              		.eabi_attribute 24, 1
   8              		.eabi_attribute 25, 1
   9              		.eabi_attribute 26, 1
  10              		.eabi_attribute 30, 1
  11              		.eabi_attribute 34, 1
  12              		.eabi_attribute 18, 4
  13              		.thumb
  14              		.file	"Motor.c"
  15              		.text
  16              	.Ltext0:
  17              		.cfi_sections	.debug_frame
  18              		.section	.text.motor_start,"ax",%progbits
  19              		.align	2
  20              		.global	motor_start
  21              		.thumb
  22              		.thumb_func
  23              		.type	motor_start, %function
  24              	motor_start:
  25              	.LFB63:
  26              		.file 1 "ZumoLibrary\\Motor.c"
   1:ZumoLibrary/Motor.c **** /**
   2:ZumoLibrary/Motor.c ****  * @file    Motor.c
   3:ZumoLibrary/Motor.c ****  * @brief   Basic methods for operating motor sensor. For more details, please refer to Motor.h fil
   4:ZumoLibrary/Motor.c ****  * @details included in Zumo shield
   5:ZumoLibrary/Motor.c **** */
   6:ZumoLibrary/Motor.c **** #include "Motor.h"
   7:ZumoLibrary/Motor.c **** 
   8:ZumoLibrary/Motor.c **** 
   9:ZumoLibrary/Motor.c **** /**
  10:ZumoLibrary/Motor.c **** * @brief    Starting motor sensors
  11:ZumoLibrary/Motor.c **** * @details  
  12:ZumoLibrary/Motor.c **** */
  13:ZumoLibrary/Motor.c **** void motor_start()
  14:ZumoLibrary/Motor.c **** {
  27              		.loc 1 14 0
  28              		.cfi_startproc
  29              		@ args = 0, pretend = 0, frame = 0
  30              		@ frame_needed = 0, uses_anonymous_args = 0
  31 0000 08B5     		push	{r3, lr}
  32              		.cfi_def_cfa_offset 8
  33              		.cfi_offset 3, -8
  34              		.cfi_offset 14, -4
  15:ZumoLibrary/Motor.c ****     PWM_Start();
  35              		.loc 1 15 0
  36 0002 FFF7FEFF 		bl	PWM_Start
  37              	.LVL0:
  38 0006 08BD     		pop	{r3, pc}
  39              		.cfi_endproc
  40              	.LFE63:
  41              		.size	motor_start, .-motor_start
  42              		.section	.text.motor_stop,"ax",%progbits
ARM GAS  C:\Users\Omistaja\AppData\Local\Temp\cceTJGuk.s 			page 2


  43              		.align	2
  44              		.global	motor_stop
  45              		.thumb
  46              		.thumb_func
  47              		.type	motor_stop, %function
  48              	motor_stop:
  49              	.LFB64:
  16:ZumoLibrary/Motor.c **** }
  17:ZumoLibrary/Motor.c **** 
  18:ZumoLibrary/Motor.c **** 
  19:ZumoLibrary/Motor.c **** /**
  20:ZumoLibrary/Motor.c **** * @brief    Stopping motor sensors
  21:ZumoLibrary/Motor.c **** * @details
  22:ZumoLibrary/Motor.c **** */
  23:ZumoLibrary/Motor.c **** void motor_stop()
  24:ZumoLibrary/Motor.c **** {
  50              		.loc 1 24 0
  51              		.cfi_startproc
  52              		@ args = 0, pretend = 0, frame = 0
  53              		@ frame_needed = 0, uses_anonymous_args = 0
  54 0000 08B5     		push	{r3, lr}
  55              		.cfi_def_cfa_offset 8
  56              		.cfi_offset 3, -8
  57              		.cfi_offset 14, -4
  25:ZumoLibrary/Motor.c ****     PWM_Stop();
  58              		.loc 1 25 0
  59 0002 FFF7FEFF 		bl	PWM_Stop
  60              	.LVL1:
  61 0006 08BD     		pop	{r3, pc}
  62              		.cfi_endproc
  63              	.LFE64:
  64              		.size	motor_stop, .-motor_stop
  65              		.section	.text.motor_forward,"ax",%progbits
  66              		.align	2
  67              		.global	motor_forward
  68              		.thumb
  69              		.thumb_func
  70              		.type	motor_forward, %function
  71              	motor_forward:
  72              	.LFB65:
  26:ZumoLibrary/Motor.c **** }
  27:ZumoLibrary/Motor.c **** 
  28:ZumoLibrary/Motor.c **** 
  29:ZumoLibrary/Motor.c **** /**
  30:ZumoLibrary/Motor.c **** * @brief    Moving motors forward
  31:ZumoLibrary/Motor.c **** * @details  giveing same speed to each side of PWM to make motors go forward
  32:ZumoLibrary/Motor.c **** * @param    uint8 speed : speed value
  33:ZumoLibrary/Motor.c **** * @param    uint32 delay : delay time
  34:ZumoLibrary/Motor.c **** */
  35:ZumoLibrary/Motor.c **** void motor_forward(uint8 speed,uint32 delay)
  36:ZumoLibrary/Motor.c **** {
  73              		.loc 1 36 0
  74              		.cfi_startproc
  75              		@ args = 0, pretend = 0, frame = 0
  76              		@ frame_needed = 0, uses_anonymous_args = 0
  77              	.LVL2:
  78 0000 38B5     		push	{r3, r4, r5, lr}
ARM GAS  C:\Users\Omistaja\AppData\Local\Temp\cceTJGuk.s 			page 3


  79              		.cfi_def_cfa_offset 16
  80              		.cfi_offset 3, -16
  81              		.cfi_offset 4, -12
  82              		.cfi_offset 5, -8
  83              		.cfi_offset 14, -4
  84 0002 0446     		mov	r4, r0
  85 0004 0D46     		mov	r5, r1
  37:ZumoLibrary/Motor.c ****     MotorDirLeft_Write(0);      // set LeftMotor forward mode
  86              		.loc 1 37 0
  87 0006 0020     		movs	r0, #0
  88              	.LVL3:
  89 0008 FFF7FEFF 		bl	MotorDirLeft_Write
  90              	.LVL4:
  38:ZumoLibrary/Motor.c ****     MotorDirRight_Write(0);     // set RightMotor forward mode
  91              		.loc 1 38 0
  92 000c 0020     		movs	r0, #0
  93 000e FFF7FEFF 		bl	MotorDirRight_Write
  94              	.LVL5:
  39:ZumoLibrary/Motor.c ****     PWM_WriteCompare1(speed); 
  95              		.loc 1 39 0
  96 0012 2046     		mov	r0, r4
  97 0014 FFF7FEFF 		bl	PWM_WriteCompare1
  98              	.LVL6:
  40:ZumoLibrary/Motor.c ****     PWM_WriteCompare2(speed); 
  99              		.loc 1 40 0
 100 0018 2046     		mov	r0, r4
 101 001a FFF7FEFF 		bl	PWM_WriteCompare2
 102              	.LVL7:
  41:ZumoLibrary/Motor.c ****     CyDelay(delay);
 103              		.loc 1 41 0
 104 001e 2846     		mov	r0, r5
 105 0020 FFF7FEFF 		bl	CyDelay
 106              	.LVL8:
 107 0024 38BD     		pop	{r3, r4, r5, pc}
 108              		.cfi_endproc
 109              	.LFE65:
 110              		.size	motor_forward, .-motor_forward
 111 0026 00BF     		.section	.text.motor_turn,"ax",%progbits
 112              		.align	2
 113              		.global	motor_turn
 114              		.thumb
 115              		.thumb_func
 116              		.type	motor_turn, %function
 117              	motor_turn:
 118              	.LFB66:
  42:ZumoLibrary/Motor.c **** }
  43:ZumoLibrary/Motor.c **** 
  44:ZumoLibrary/Motor.c **** 
  45:ZumoLibrary/Motor.c **** /**
  46:ZumoLibrary/Motor.c **** * @brief    Moving motors to make a turn 
  47:ZumoLibrary/Motor.c **** * @details  moving left when l_speed < r_speed or moving right when l_speed > r_speed
  48:ZumoLibrary/Motor.c **** * @param    uint8 l_speed : left motor speed value
  49:ZumoLibrary/Motor.c **** * @param    uint8 r_speed : right motor speed value
  50:ZumoLibrary/Motor.c **** * @param    uint32 delay : delay time
  51:ZumoLibrary/Motor.c **** */
  52:ZumoLibrary/Motor.c **** void motor_turn(uint8 l_speed, uint8 r_speed, uint32 delay)
  53:ZumoLibrary/Motor.c **** {
ARM GAS  C:\Users\Omistaja\AppData\Local\Temp\cceTJGuk.s 			page 4


 119              		.loc 1 53 0
 120              		.cfi_startproc
 121              		@ args = 0, pretend = 0, frame = 0
 122              		@ frame_needed = 0, uses_anonymous_args = 0
 123              	.LVL9:
 124 0000 38B5     		push	{r3, r4, r5, lr}
 125              		.cfi_def_cfa_offset 16
 126              		.cfi_offset 3, -16
 127              		.cfi_offset 4, -12
 128              		.cfi_offset 5, -8
 129              		.cfi_offset 14, -4
 130 0002 0D46     		mov	r5, r1
 131 0004 1446     		mov	r4, r2
  54:ZumoLibrary/Motor.c ****     PWM_WriteCompare1(l_speed); 
 132              		.loc 1 54 0
 133 0006 FFF7FEFF 		bl	PWM_WriteCompare1
 134              	.LVL10:
  55:ZumoLibrary/Motor.c ****     PWM_WriteCompare2(r_speed); 
 135              		.loc 1 55 0
 136 000a 2846     		mov	r0, r5
 137 000c FFF7FEFF 		bl	PWM_WriteCompare2
 138              	.LVL11:
  56:ZumoLibrary/Motor.c ****     CyDelay(delay);
 139              		.loc 1 56 0
 140 0010 2046     		mov	r0, r4
 141 0012 FFF7FEFF 		bl	CyDelay
 142              	.LVL12:
 143 0016 38BD     		pop	{r3, r4, r5, pc}
 144              		.cfi_endproc
 145              	.LFE66:
 146              		.size	motor_turn, .-motor_turn
 147              		.section	.text.motor_turn1,"ax",%progbits
 148              		.align	2
 149              		.global	motor_turn1
 150              		.thumb
 151              		.thumb_func
 152              		.type	motor_turn1, %function
 153              	motor_turn1:
 154              	.LFB67:
  57:ZumoLibrary/Motor.c **** }
  58:ZumoLibrary/Motor.c **** 
  59:ZumoLibrary/Motor.c **** void motor_turn1(uint8 l_speed, uint8 r_speed, uint32 delay)
  60:ZumoLibrary/Motor.c **** {
 155              		.loc 1 60 0
 156              		.cfi_startproc
 157              		@ args = 0, pretend = 0, frame = 0
 158              		@ frame_needed = 0, uses_anonymous_args = 0
 159              	.LVL13:
 160 0000 70B5     		push	{r4, r5, r6, lr}
 161              		.cfi_def_cfa_offset 16
 162              		.cfi_offset 4, -16
 163              		.cfi_offset 5, -12
 164              		.cfi_offset 6, -8
 165              		.cfi_offset 14, -4
 166 0002 0646     		mov	r6, r0
 167 0004 0D46     		mov	r5, r1
 168 0006 1446     		mov	r4, r2
ARM GAS  C:\Users\Omistaja\AppData\Local\Temp\cceTJGuk.s 			page 5


  61:ZumoLibrary/Motor.c ****     MotorDirLeft_Write(1);      // set LeftMotor backward mode
 169              		.loc 1 61 0
 170 0008 0120     		movs	r0, #1
 171              	.LVL14:
 172 000a FFF7FEFF 		bl	MotorDirLeft_Write
 173              	.LVL15:
  62:ZumoLibrary/Motor.c ****     PWM_WriteCompare1(l_speed); 
 174              		.loc 1 62 0
 175 000e 3046     		mov	r0, r6
 176 0010 FFF7FEFF 		bl	PWM_WriteCompare1
 177              	.LVL16:
  63:ZumoLibrary/Motor.c ****     PWM_WriteCompare2(r_speed); 
 178              		.loc 1 63 0
 179 0014 2846     		mov	r0, r5
 180 0016 FFF7FEFF 		bl	PWM_WriteCompare2
 181              	.LVL17:
  64:ZumoLibrary/Motor.c ****     CyDelay(delay);
 182              		.loc 1 64 0
 183 001a 2046     		mov	r0, r4
 184 001c FFF7FEFF 		bl	CyDelay
 185              	.LVL18:
 186 0020 70BD     		pop	{r4, r5, r6, pc}
 187              		.cfi_endproc
 188              	.LFE67:
 189              		.size	motor_turn1, .-motor_turn1
 190 0022 00BF     		.section	.text.motor_backward,"ax",%progbits
 191              		.align	2
 192              		.global	motor_backward
 193              		.thumb
 194              		.thumb_func
 195              		.type	motor_backward, %function
 196              	motor_backward:
 197              	.LFB68:
  65:ZumoLibrary/Motor.c **** }
  66:ZumoLibrary/Motor.c **** /**
  67:ZumoLibrary/Motor.c **** * @brief    Moving motors backward
  68:ZumoLibrary/Motor.c **** * @details  setting backward mode to each motors and gives same speed to each side of PWM
  69:ZumoLibrary/Motor.c **** * @param    uint8 speed : speed value
  70:ZumoLibrary/Motor.c **** * @param    uint32 delay : delay time
  71:ZumoLibrary/Motor.c **** */
  72:ZumoLibrary/Motor.c **** void motor_backward(uint8 speed,uint32 delay)
  73:ZumoLibrary/Motor.c **** {
 198              		.loc 1 73 0
 199              		.cfi_startproc
 200              		@ args = 0, pretend = 0, frame = 0
 201              		@ frame_needed = 0, uses_anonymous_args = 0
 202              	.LVL19:
 203 0000 38B5     		push	{r3, r4, r5, lr}
 204              		.cfi_def_cfa_offset 16
 205              		.cfi_offset 3, -16
 206              		.cfi_offset 4, -12
 207              		.cfi_offset 5, -8
 208              		.cfi_offset 14, -4
 209 0002 0446     		mov	r4, r0
 210 0004 0D46     		mov	r5, r1
  74:ZumoLibrary/Motor.c ****     MotorDirLeft_Write(1);      // set LeftMotor backward mode
 211              		.loc 1 74 0
ARM GAS  C:\Users\Omistaja\AppData\Local\Temp\cceTJGuk.s 			page 6


 212 0006 0120     		movs	r0, #1
 213              	.LVL20:
 214 0008 FFF7FEFF 		bl	MotorDirLeft_Write
 215              	.LVL21:
  75:ZumoLibrary/Motor.c ****     MotorDirRight_Write(1);     // set RightMotor backward mode
 216              		.loc 1 75 0
 217 000c 0120     		movs	r0, #1
 218 000e FFF7FEFF 		bl	MotorDirRight_Write
 219              	.LVL22:
  76:ZumoLibrary/Motor.c ****     PWM_WriteCompare1(speed); 
 220              		.loc 1 76 0
 221 0012 2046     		mov	r0, r4
 222 0014 FFF7FEFF 		bl	PWM_WriteCompare1
 223              	.LVL23:
  77:ZumoLibrary/Motor.c ****     PWM_WriteCompare2(speed); 
 224              		.loc 1 77 0
 225 0018 2046     		mov	r0, r4
 226 001a FFF7FEFF 		bl	PWM_WriteCompare2
 227              	.LVL24:
  78:ZumoLibrary/Motor.c ****     CyDelay(delay);
 228              		.loc 1 78 0
 229 001e 2846     		mov	r0, r5
 230 0020 FFF7FEFF 		bl	CyDelay
 231              	.LVL25:
 232 0024 38BD     		pop	{r3, r4, r5, pc}
 233              		.cfi_endproc
 234              	.LFE68:
 235              		.size	motor_backward, .-motor_backward
 236 0026 00BF     		.text
 237              	.Letext0:
 238              		.file 2 "c:\\program files (x86)\\cypress\\psoc creator\\4.0\\psoc creator\\import\\gnu\\arm\\4.9.
 239              		.file 3 "c:\\program files (x86)\\cypress\\psoc creator\\4.0\\psoc creator\\import\\gnu\\arm\\4.9.
 240              		.file 4 "Generated_Source\\PSoC5/cytypes.h"
 241              		.file 5 "Generated_Source\\PSoC5/PWM.h"
 242              		.file 6 "Generated_Source\\PSoC5/MotorDirLeft.h"
 243              		.file 7 "Generated_Source\\PSoC5/MotorDirRight.h"
 244              		.file 8 "Generated_Source\\PSoC5/core_cm3.h"
 245              		.file 9 "Generated_Source\\PSoC5/CyLib.h"
 246              		.section	.debug_info,"",%progbits
 247              	.Ldebug_info0:
 248 0000 82030000 		.4byte	0x382
 249 0004 0400     		.2byte	0x4
 250 0006 00000000 		.4byte	.Ldebug_abbrev0
 251 000a 04       		.byte	0x4
 252 000b 01       		.uleb128 0x1
 253 000c FF000000 		.4byte	.LASF33
 254 0010 01       		.byte	0x1
 255 0011 E4000000 		.4byte	.LASF34
 256 0015 75000000 		.4byte	.LASF35
 257 0019 00000000 		.4byte	.Ldebug_ranges0+0
 258 001d 00000000 		.4byte	0
 259 0021 00000000 		.4byte	.Ldebug_line0
 260 0025 02       		.uleb128 0x2
 261 0026 01       		.byte	0x1
 262 0027 06       		.byte	0x6
 263 0028 49000000 		.4byte	.LASF0
 264 002c 02       		.uleb128 0x2
ARM GAS  C:\Users\Omistaja\AppData\Local\Temp\cceTJGuk.s 			page 7


 265 002d 01       		.byte	0x1
 266 002e 08       		.byte	0x8
 267 002f 5B000000 		.4byte	.LASF1
 268 0033 02       		.uleb128 0x2
 269 0034 02       		.byte	0x2
 270 0035 05       		.byte	0x5
 271 0036 0B020000 		.4byte	.LASF2
 272 003a 02       		.uleb128 0x2
 273 003b 02       		.byte	0x2
 274 003c 07       		.byte	0x7
 275 003d 3C020000 		.4byte	.LASF3
 276 0041 03       		.uleb128 0x3
 277 0042 00000000 		.4byte	.LASF9
 278 0046 02       		.byte	0x2
 279 0047 3F       		.byte	0x3f
 280 0048 4C000000 		.4byte	0x4c
 281 004c 02       		.uleb128 0x2
 282 004d 04       		.byte	0x4
 283 004e 05       		.byte	0x5
 284 004f 28020000 		.4byte	.LASF4
 285 0053 02       		.uleb128 0x2
 286 0054 04       		.byte	0x4
 287 0055 07       		.byte	0x7
 288 0056 92000000 		.4byte	.LASF5
 289 005a 02       		.uleb128 0x2
 290 005b 08       		.byte	0x8
 291 005c 05       		.byte	0x5
 292 005d F8010000 		.4byte	.LASF6
 293 0061 02       		.uleb128 0x2
 294 0062 08       		.byte	0x8
 295 0063 07       		.byte	0x7
 296 0064 A2010000 		.4byte	.LASF7
 297 0068 04       		.uleb128 0x4
 298 0069 04       		.byte	0x4
 299 006a 05       		.byte	0x5
 300 006b 696E7400 		.ascii	"int\000"
 301 006f 02       		.uleb128 0x2
 302 0070 04       		.byte	0x4
 303 0071 07       		.byte	0x7
 304 0072 8D010000 		.4byte	.LASF8
 305 0076 03       		.uleb128 0x3
 306 0077 3B000000 		.4byte	.LASF10
 307 007b 03       		.byte	0x3
 308 007c 2C       		.byte	0x2c
 309 007d 41000000 		.4byte	0x41
 310 0081 05       		.uleb128 0x5
 311 0082 35000000 		.4byte	.LASF11
 312 0086 04       		.byte	0x4
 313 0087 9201     		.2byte	0x192
 314 0089 2C000000 		.4byte	0x2c
 315 008d 05       		.uleb128 0x5
 316 008e F8000000 		.4byte	.LASF12
 317 0092 04       		.byte	0x4
 318 0093 9401     		.2byte	0x194
 319 0095 53000000 		.4byte	0x53
 320 0099 02       		.uleb128 0x2
 321 009a 04       		.byte	0x4
ARM GAS  C:\Users\Omistaja\AppData\Local\Temp\cceTJGuk.s 			page 8


 322 009b 04       		.byte	0x4
 323 009c 43000000 		.4byte	.LASF13
 324 00a0 02       		.uleb128 0x2
 325 00a1 08       		.byte	0x8
 326 00a2 04       		.byte	0x4
 327 00a3 D2000000 		.4byte	.LASF14
 328 00a7 02       		.uleb128 0x2
 329 00a8 01       		.byte	0x1
 330 00a9 08       		.byte	0x8
 331 00aa 06020000 		.4byte	.LASF15
 332 00ae 02       		.uleb128 0x2
 333 00af 04       		.byte	0x4
 334 00b0 07       		.byte	0x7
 335 00b1 EF010000 		.4byte	.LASF16
 336 00b5 06       		.uleb128 0x6
 337 00b6 B9010000 		.4byte	.LASF17
 338 00ba 01       		.byte	0x1
 339 00bb 0D       		.byte	0xd
 340 00bc 00000000 		.4byte	.LFB63
 341 00c0 08000000 		.4byte	.LFE63-.LFB63
 342 00c4 01       		.uleb128 0x1
 343 00c5 9C       		.byte	0x9c
 344 00c6 D4000000 		.4byte	0xd4
 345 00ca 07       		.uleb128 0x7
 346 00cb 06000000 		.4byte	.LVL0
 347 00cf 26030000 		.4byte	0x326
 348 00d3 00       		.byte	0
 349 00d4 06       		.uleb128 0x6
 350 00d5 D9000000 		.4byte	.LASF18
 351 00d9 01       		.byte	0x1
 352 00da 17       		.byte	0x17
 353 00db 00000000 		.4byte	.LFB64
 354 00df 08000000 		.4byte	.LFE64-.LFB64
 355 00e3 01       		.uleb128 0x1
 356 00e4 9C       		.byte	0x9c
 357 00e5 F3000000 		.4byte	0xf3
 358 00e9 07       		.uleb128 0x7
 359 00ea 06000000 		.4byte	.LVL1
 360 00ee 2D030000 		.4byte	0x32d
 361 00f2 00       		.byte	0
 362 00f3 08       		.uleb128 0x8
 363 00f4 C4000000 		.4byte	.LASF21
 364 00f8 01       		.byte	0x1
 365 00f9 23       		.byte	0x23
 366 00fa 00000000 		.4byte	.LFB65
 367 00fe 26000000 		.4byte	.LFE65-.LFB65
 368 0102 01       		.uleb128 0x1
 369 0103 9C       		.byte	0x9c
 370 0104 85010000 		.4byte	0x185
 371 0108 09       		.uleb128 0x9
 372 0109 E9010000 		.4byte	.LASF19
 373 010d 01       		.byte	0x1
 374 010e 23       		.byte	0x23
 375 010f 81000000 		.4byte	0x81
 376 0113 00000000 		.4byte	.LLST0
 377 0117 09       		.uleb128 0x9
 378 0118 55000000 		.4byte	.LASF20
ARM GAS  C:\Users\Omistaja\AppData\Local\Temp\cceTJGuk.s 			page 9


 379 011c 01       		.byte	0x1
 380 011d 23       		.byte	0x23
 381 011e 8D000000 		.4byte	0x8d
 382 0122 21000000 		.4byte	.LLST1
 383 0126 0A       		.uleb128 0xa
 384 0127 0C000000 		.4byte	.LVL4
 385 012b 34030000 		.4byte	0x334
 386 012f 39010000 		.4byte	0x139
 387 0133 0B       		.uleb128 0xb
 388 0134 01       		.uleb128 0x1
 389 0135 50       		.byte	0x50
 390 0136 01       		.uleb128 0x1
 391 0137 30       		.byte	0x30
 392 0138 00       		.byte	0
 393 0139 0A       		.uleb128 0xa
 394 013a 12000000 		.4byte	.LVL5
 395 013e 45030000 		.4byte	0x345
 396 0142 4C010000 		.4byte	0x14c
 397 0146 0B       		.uleb128 0xb
 398 0147 01       		.uleb128 0x1
 399 0148 50       		.byte	0x50
 400 0149 01       		.uleb128 0x1
 401 014a 30       		.byte	0x30
 402 014b 00       		.byte	0
 403 014c 0A       		.uleb128 0xa
 404 014d 18000000 		.4byte	.LVL6
 405 0151 56030000 		.4byte	0x356
 406 0155 60010000 		.4byte	0x160
 407 0159 0B       		.uleb128 0xb
 408 015a 01       		.uleb128 0x1
 409 015b 50       		.byte	0x50
 410 015c 02       		.uleb128 0x2
 411 015d 74       		.byte	0x74
 412 015e 00       		.sleb128 0
 413 015f 00       		.byte	0
 414 0160 0A       		.uleb128 0xa
 415 0161 1E000000 		.4byte	.LVL7
 416 0165 67030000 		.4byte	0x367
 417 0169 74010000 		.4byte	0x174
 418 016d 0B       		.uleb128 0xb
 419 016e 01       		.uleb128 0x1
 420 016f 50       		.byte	0x50
 421 0170 02       		.uleb128 0x2
 422 0171 74       		.byte	0x74
 423 0172 00       		.sleb128 0
 424 0173 00       		.byte	0
 425 0174 0C       		.uleb128 0xc
 426 0175 24000000 		.4byte	.LVL8
 427 0179 78030000 		.4byte	0x378
 428 017d 0B       		.uleb128 0xb
 429 017e 01       		.uleb128 0x1
 430 017f 50       		.byte	0x50
 431 0180 02       		.uleb128 0x2
 432 0181 75       		.byte	0x75
 433 0182 00       		.sleb128 0
 434 0183 00       		.byte	0
 435 0184 00       		.byte	0
ARM GAS  C:\Users\Omistaja\AppData\Local\Temp\cceTJGuk.s 			page 10


 436 0185 08       		.uleb128 0x8
 437 0186 31020000 		.4byte	.LASF22
 438 018a 01       		.byte	0x1
 439 018b 34       		.byte	0x34
 440 018c 00000000 		.4byte	.LFB66
 441 0190 18000000 		.4byte	.LFE66-.LFB66
 442 0194 01       		.uleb128 0x1
 443 0195 9C       		.byte	0x9c
 444 0196 F5010000 		.4byte	0x1f5
 445 019a 09       		.uleb128 0x9
 446 019b 9A010000 		.4byte	.LASF23
 447 019f 01       		.byte	0x1
 448 01a0 34       		.byte	0x34
 449 01a1 81000000 		.4byte	0x81
 450 01a5 3F000000 		.4byte	.LLST2
 451 01a9 09       		.uleb128 0x9
 452 01aa 19000000 		.4byte	.LASF24
 453 01ae 01       		.byte	0x1
 454 01af 34       		.byte	0x34
 455 01b0 81000000 		.4byte	0x81
 456 01b4 60000000 		.4byte	.LLST3
 457 01b8 09       		.uleb128 0x9
 458 01b9 55000000 		.4byte	.LASF20
 459 01bd 01       		.byte	0x1
 460 01be 34       		.byte	0x34
 461 01bf 8D000000 		.4byte	0x8d
 462 01c3 81000000 		.4byte	.LLST4
 463 01c7 07       		.uleb128 0x7
 464 01c8 0A000000 		.4byte	.LVL10
 465 01cc 56030000 		.4byte	0x356
 466 01d0 0A       		.uleb128 0xa
 467 01d1 10000000 		.4byte	.LVL11
 468 01d5 67030000 		.4byte	0x367
 469 01d9 E4010000 		.4byte	0x1e4
 470 01dd 0B       		.uleb128 0xb
 471 01de 01       		.uleb128 0x1
 472 01df 50       		.byte	0x50
 473 01e0 02       		.uleb128 0x2
 474 01e1 75       		.byte	0x75
 475 01e2 00       		.sleb128 0
 476 01e3 00       		.byte	0
 477 01e4 0C       		.uleb128 0xc
 478 01e5 16000000 		.4byte	.LVL12
 479 01e9 78030000 		.4byte	0x378
 480 01ed 0B       		.uleb128 0xb
 481 01ee 01       		.uleb128 0x1
 482 01ef 50       		.byte	0x50
 483 01f0 02       		.uleb128 0x2
 484 01f1 74       		.byte	0x74
 485 01f2 00       		.sleb128 0
 486 01f3 00       		.byte	0
 487 01f4 00       		.byte	0
 488 01f5 08       		.uleb128 0x8
 489 01f6 69000000 		.4byte	.LASF25
 490 01fa 01       		.byte	0x1
 491 01fb 3B       		.byte	0x3b
 492 01fc 00000000 		.4byte	.LFB67
ARM GAS  C:\Users\Omistaja\AppData\Local\Temp\cceTJGuk.s 			page 11


 493 0200 22000000 		.4byte	.LFE67-.LFB67
 494 0204 01       		.uleb128 0x1
 495 0205 9C       		.byte	0x9c
 496 0206 83020000 		.4byte	0x283
 497 020a 09       		.uleb128 0x9
 498 020b 9A010000 		.4byte	.LASF23
 499 020f 01       		.byte	0x1
 500 0210 3B       		.byte	0x3b
 501 0211 81000000 		.4byte	0x81
 502 0215 9F000000 		.4byte	.LLST5
 503 0219 09       		.uleb128 0x9
 504 021a 19000000 		.4byte	.LASF24
 505 021e 01       		.byte	0x1
 506 021f 3B       		.byte	0x3b
 507 0220 81000000 		.4byte	0x81
 508 0224 C0000000 		.4byte	.LLST6
 509 0228 09       		.uleb128 0x9
 510 0229 55000000 		.4byte	.LASF20
 511 022d 01       		.byte	0x1
 512 022e 3B       		.byte	0x3b
 513 022f 8D000000 		.4byte	0x8d
 514 0233 E1000000 		.4byte	.LLST7
 515 0237 0A       		.uleb128 0xa
 516 0238 0E000000 		.4byte	.LVL15
 517 023c 34030000 		.4byte	0x334
 518 0240 4A020000 		.4byte	0x24a
 519 0244 0B       		.uleb128 0xb
 520 0245 01       		.uleb128 0x1
 521 0246 50       		.byte	0x50
 522 0247 01       		.uleb128 0x1
 523 0248 31       		.byte	0x31
 524 0249 00       		.byte	0
 525 024a 0A       		.uleb128 0xa
 526 024b 14000000 		.4byte	.LVL16
 527 024f 56030000 		.4byte	0x356
 528 0253 5E020000 		.4byte	0x25e
 529 0257 0B       		.uleb128 0xb
 530 0258 01       		.uleb128 0x1
 531 0259 50       		.byte	0x50
 532 025a 02       		.uleb128 0x2
 533 025b 76       		.byte	0x76
 534 025c 00       		.sleb128 0
 535 025d 00       		.byte	0
 536 025e 0A       		.uleb128 0xa
 537 025f 1A000000 		.4byte	.LVL17
 538 0263 67030000 		.4byte	0x367
 539 0267 72020000 		.4byte	0x272
 540 026b 0B       		.uleb128 0xb
 541 026c 01       		.uleb128 0x1
 542 026d 50       		.byte	0x50
 543 026e 02       		.uleb128 0x2
 544 026f 75       		.byte	0x75
 545 0270 00       		.sleb128 0
 546 0271 00       		.byte	0
 547 0272 0C       		.uleb128 0xc
 548 0273 20000000 		.4byte	.LVL18
 549 0277 78030000 		.4byte	0x378
ARM GAS  C:\Users\Omistaja\AppData\Local\Temp\cceTJGuk.s 			page 12


 550 027b 0B       		.uleb128 0xb
 551 027c 01       		.uleb128 0x1
 552 027d 50       		.byte	0x50
 553 027e 02       		.uleb128 0x2
 554 027f 74       		.byte	0x74
 555 0280 00       		.sleb128 0
 556 0281 00       		.byte	0
 557 0282 00       		.byte	0
 558 0283 08       		.uleb128 0x8
 559 0284 0A000000 		.4byte	.LASF26
 560 0288 01       		.byte	0x1
 561 0289 48       		.byte	0x48
 562 028a 00000000 		.4byte	.LFB68
 563 028e 26000000 		.4byte	.LFE68-.LFB68
 564 0292 01       		.uleb128 0x1
 565 0293 9C       		.byte	0x9c
 566 0294 15030000 		.4byte	0x315
 567 0298 09       		.uleb128 0x9
 568 0299 E9010000 		.4byte	.LASF19
 569 029d 01       		.byte	0x1
 570 029e 48       		.byte	0x48
 571 029f 81000000 		.4byte	0x81
 572 02a3 FF000000 		.4byte	.LLST8
 573 02a7 09       		.uleb128 0x9
 574 02a8 55000000 		.4byte	.LASF20
 575 02ac 01       		.byte	0x1
 576 02ad 48       		.byte	0x48
 577 02ae 8D000000 		.4byte	0x8d
 578 02b2 20010000 		.4byte	.LLST9
 579 02b6 0A       		.uleb128 0xa
 580 02b7 0C000000 		.4byte	.LVL21
 581 02bb 34030000 		.4byte	0x334
 582 02bf C9020000 		.4byte	0x2c9
 583 02c3 0B       		.uleb128 0xb
 584 02c4 01       		.uleb128 0x1
 585 02c5 50       		.byte	0x50
 586 02c6 01       		.uleb128 0x1
 587 02c7 31       		.byte	0x31
 588 02c8 00       		.byte	0
 589 02c9 0A       		.uleb128 0xa
 590 02ca 12000000 		.4byte	.LVL22
 591 02ce 45030000 		.4byte	0x345
 592 02d2 DC020000 		.4byte	0x2dc
 593 02d6 0B       		.uleb128 0xb
 594 02d7 01       		.uleb128 0x1
 595 02d8 50       		.byte	0x50
 596 02d9 01       		.uleb128 0x1
 597 02da 31       		.byte	0x31
 598 02db 00       		.byte	0
 599 02dc 0A       		.uleb128 0xa
 600 02dd 18000000 		.4byte	.LVL23
 601 02e1 56030000 		.4byte	0x356
 602 02e5 F0020000 		.4byte	0x2f0
 603 02e9 0B       		.uleb128 0xb
 604 02ea 01       		.uleb128 0x1
 605 02eb 50       		.byte	0x50
 606 02ec 02       		.uleb128 0x2
ARM GAS  C:\Users\Omistaja\AppData\Local\Temp\cceTJGuk.s 			page 13


 607 02ed 74       		.byte	0x74
 608 02ee 00       		.sleb128 0
 609 02ef 00       		.byte	0
 610 02f0 0A       		.uleb128 0xa
 611 02f1 1E000000 		.4byte	.LVL24
 612 02f5 67030000 		.4byte	0x367
 613 02f9 04030000 		.4byte	0x304
 614 02fd 0B       		.uleb128 0xb
 615 02fe 01       		.uleb128 0x1
 616 02ff 50       		.byte	0x50
 617 0300 02       		.uleb128 0x2
 618 0301 74       		.byte	0x74
 619 0302 00       		.sleb128 0
 620 0303 00       		.byte	0
 621 0304 0C       		.uleb128 0xc
 622 0305 24000000 		.4byte	.LVL25
 623 0309 78030000 		.4byte	0x378
 624 030d 0B       		.uleb128 0xb
 625 030e 01       		.uleb128 0x1
 626 030f 50       		.byte	0x50
 627 0310 02       		.uleb128 0x2
 628 0311 75       		.byte	0x75
 629 0312 00       		.sleb128 0
 630 0313 00       		.byte	0
 631 0314 00       		.byte	0
 632 0315 0D       		.uleb128 0xd
 633 0316 B7000000 		.4byte	.LASF36
 634 031a 08       		.byte	0x8
 635 031b 9606     		.2byte	0x696
 636 031d 21030000 		.4byte	0x321
 637 0321 0E       		.uleb128 0xe
 638 0322 76000000 		.4byte	0x76
 639 0326 0F       		.uleb128 0xf
 640 0327 15020000 		.4byte	.LASF27
 641 032b 05       		.byte	0x5
 642 032c 92       		.byte	0x92
 643 032d 0F       		.uleb128 0xf
 644 032e 1F020000 		.4byte	.LASF28
 645 0332 05       		.byte	0x5
 646 0333 93       		.byte	0x93
 647 0334 10       		.uleb128 0x10
 648 0335 A4000000 		.4byte	.LASF29
 649 0339 06       		.byte	0x6
 650 033a 26       		.byte	0x26
 651 033b 45030000 		.4byte	0x345
 652 033f 11       		.uleb128 0x11
 653 0340 81000000 		.4byte	0x81
 654 0344 00       		.byte	0
 655 0345 10       		.uleb128 0x10
 656 0346 21000000 		.4byte	.LASF30
 657 034a 07       		.byte	0x7
 658 034b 26       		.byte	0x26
 659 034c 56030000 		.4byte	0x356
 660 0350 11       		.uleb128 0x11
 661 0351 81000000 		.4byte	0x81
 662 0355 00       		.byte	0
 663 0356 10       		.uleb128 0x10
ARM GAS  C:\Users\Omistaja\AppData\Local\Temp\cceTJGuk.s 			page 14


 664 0357 C5010000 		.4byte	.LASF31
 665 035b 05       		.byte	0x5
 666 035c C7       		.byte	0xc7
 667 035d 67030000 		.4byte	0x367
 668 0361 11       		.uleb128 0x11
 669 0362 81000000 		.4byte	0x81
 670 0366 00       		.byte	0
 671 0367 10       		.uleb128 0x10
 672 0368 D7010000 		.4byte	.LASF32
 673 036c 05       		.byte	0x5
 674 036d CA       		.byte	0xca
 675 036e 78030000 		.4byte	0x378
 676 0372 11       		.uleb128 0x11
 677 0373 81000000 		.4byte	0x81
 678 0377 00       		.byte	0
 679 0378 12       		.uleb128 0x12
 680 0379 4F020000 		.4byte	.LASF37
 681 037d 09       		.byte	0x9
 682 037e 76       		.byte	0x76
 683 037f 11       		.uleb128 0x11
 684 0380 8D000000 		.4byte	0x8d
 685 0384 00       		.byte	0
 686 0385 00       		.byte	0
 687              		.section	.debug_abbrev,"",%progbits
 688              	.Ldebug_abbrev0:
 689 0000 01       		.uleb128 0x1
 690 0001 11       		.uleb128 0x11
 691 0002 01       		.byte	0x1
 692 0003 25       		.uleb128 0x25
 693 0004 0E       		.uleb128 0xe
 694 0005 13       		.uleb128 0x13
 695 0006 0B       		.uleb128 0xb
 696 0007 03       		.uleb128 0x3
 697 0008 0E       		.uleb128 0xe
 698 0009 1B       		.uleb128 0x1b
 699 000a 0E       		.uleb128 0xe
 700 000b 55       		.uleb128 0x55
 701 000c 17       		.uleb128 0x17
 702 000d 11       		.uleb128 0x11
 703 000e 01       		.uleb128 0x1
 704 000f 10       		.uleb128 0x10
 705 0010 17       		.uleb128 0x17
 706 0011 00       		.byte	0
 707 0012 00       		.byte	0
 708 0013 02       		.uleb128 0x2
 709 0014 24       		.uleb128 0x24
 710 0015 00       		.byte	0
 711 0016 0B       		.uleb128 0xb
 712 0017 0B       		.uleb128 0xb
 713 0018 3E       		.uleb128 0x3e
 714 0019 0B       		.uleb128 0xb
 715 001a 03       		.uleb128 0x3
 716 001b 0E       		.uleb128 0xe
 717 001c 00       		.byte	0
 718 001d 00       		.byte	0
 719 001e 03       		.uleb128 0x3
 720 001f 16       		.uleb128 0x16
ARM GAS  C:\Users\Omistaja\AppData\Local\Temp\cceTJGuk.s 			page 15


 721 0020 00       		.byte	0
 722 0021 03       		.uleb128 0x3
 723 0022 0E       		.uleb128 0xe
 724 0023 3A       		.uleb128 0x3a
 725 0024 0B       		.uleb128 0xb
 726 0025 3B       		.uleb128 0x3b
 727 0026 0B       		.uleb128 0xb
 728 0027 49       		.uleb128 0x49
 729 0028 13       		.uleb128 0x13
 730 0029 00       		.byte	0
 731 002a 00       		.byte	0
 732 002b 04       		.uleb128 0x4
 733 002c 24       		.uleb128 0x24
 734 002d 00       		.byte	0
 735 002e 0B       		.uleb128 0xb
 736 002f 0B       		.uleb128 0xb
 737 0030 3E       		.uleb128 0x3e
 738 0031 0B       		.uleb128 0xb
 739 0032 03       		.uleb128 0x3
 740 0033 08       		.uleb128 0x8
 741 0034 00       		.byte	0
 742 0035 00       		.byte	0
 743 0036 05       		.uleb128 0x5
 744 0037 16       		.uleb128 0x16
 745 0038 00       		.byte	0
 746 0039 03       		.uleb128 0x3
 747 003a 0E       		.uleb128 0xe
 748 003b 3A       		.uleb128 0x3a
 749 003c 0B       		.uleb128 0xb
 750 003d 3B       		.uleb128 0x3b
 751 003e 05       		.uleb128 0x5
 752 003f 49       		.uleb128 0x49
 753 0040 13       		.uleb128 0x13
 754 0041 00       		.byte	0
 755 0042 00       		.byte	0
 756 0043 06       		.uleb128 0x6
 757 0044 2E       		.uleb128 0x2e
 758 0045 01       		.byte	0x1
 759 0046 3F       		.uleb128 0x3f
 760 0047 19       		.uleb128 0x19
 761 0048 03       		.uleb128 0x3
 762 0049 0E       		.uleb128 0xe
 763 004a 3A       		.uleb128 0x3a
 764 004b 0B       		.uleb128 0xb
 765 004c 3B       		.uleb128 0x3b
 766 004d 0B       		.uleb128 0xb
 767 004e 11       		.uleb128 0x11
 768 004f 01       		.uleb128 0x1
 769 0050 12       		.uleb128 0x12
 770 0051 06       		.uleb128 0x6
 771 0052 40       		.uleb128 0x40
 772 0053 18       		.uleb128 0x18
 773 0054 9742     		.uleb128 0x2117
 774 0056 19       		.uleb128 0x19
 775 0057 01       		.uleb128 0x1
 776 0058 13       		.uleb128 0x13
 777 0059 00       		.byte	0
ARM GAS  C:\Users\Omistaja\AppData\Local\Temp\cceTJGuk.s 			page 16


 778 005a 00       		.byte	0
 779 005b 07       		.uleb128 0x7
 780 005c 898201   		.uleb128 0x4109
 781 005f 00       		.byte	0
 782 0060 11       		.uleb128 0x11
 783 0061 01       		.uleb128 0x1
 784 0062 31       		.uleb128 0x31
 785 0063 13       		.uleb128 0x13
 786 0064 00       		.byte	0
 787 0065 00       		.byte	0
 788 0066 08       		.uleb128 0x8
 789 0067 2E       		.uleb128 0x2e
 790 0068 01       		.byte	0x1
 791 0069 3F       		.uleb128 0x3f
 792 006a 19       		.uleb128 0x19
 793 006b 03       		.uleb128 0x3
 794 006c 0E       		.uleb128 0xe
 795 006d 3A       		.uleb128 0x3a
 796 006e 0B       		.uleb128 0xb
 797 006f 3B       		.uleb128 0x3b
 798 0070 0B       		.uleb128 0xb
 799 0071 27       		.uleb128 0x27
 800 0072 19       		.uleb128 0x19
 801 0073 11       		.uleb128 0x11
 802 0074 01       		.uleb128 0x1
 803 0075 12       		.uleb128 0x12
 804 0076 06       		.uleb128 0x6
 805 0077 40       		.uleb128 0x40
 806 0078 18       		.uleb128 0x18
 807 0079 9742     		.uleb128 0x2117
 808 007b 19       		.uleb128 0x19
 809 007c 01       		.uleb128 0x1
 810 007d 13       		.uleb128 0x13
 811 007e 00       		.byte	0
 812 007f 00       		.byte	0
 813 0080 09       		.uleb128 0x9
 814 0081 05       		.uleb128 0x5
 815 0082 00       		.byte	0
 816 0083 03       		.uleb128 0x3
 817 0084 0E       		.uleb128 0xe
 818 0085 3A       		.uleb128 0x3a
 819 0086 0B       		.uleb128 0xb
 820 0087 3B       		.uleb128 0x3b
 821 0088 0B       		.uleb128 0xb
 822 0089 49       		.uleb128 0x49
 823 008a 13       		.uleb128 0x13
 824 008b 02       		.uleb128 0x2
 825 008c 17       		.uleb128 0x17
 826 008d 00       		.byte	0
 827 008e 00       		.byte	0
 828 008f 0A       		.uleb128 0xa
 829 0090 898201   		.uleb128 0x4109
 830 0093 01       		.byte	0x1
 831 0094 11       		.uleb128 0x11
 832 0095 01       		.uleb128 0x1
 833 0096 31       		.uleb128 0x31
 834 0097 13       		.uleb128 0x13
ARM GAS  C:\Users\Omistaja\AppData\Local\Temp\cceTJGuk.s 			page 17


 835 0098 01       		.uleb128 0x1
 836 0099 13       		.uleb128 0x13
 837 009a 00       		.byte	0
 838 009b 00       		.byte	0
 839 009c 0B       		.uleb128 0xb
 840 009d 8A8201   		.uleb128 0x410a
 841 00a0 00       		.byte	0
 842 00a1 02       		.uleb128 0x2
 843 00a2 18       		.uleb128 0x18
 844 00a3 9142     		.uleb128 0x2111
 845 00a5 18       		.uleb128 0x18
 846 00a6 00       		.byte	0
 847 00a7 00       		.byte	0
 848 00a8 0C       		.uleb128 0xc
 849 00a9 898201   		.uleb128 0x4109
 850 00ac 01       		.byte	0x1
 851 00ad 11       		.uleb128 0x11
 852 00ae 01       		.uleb128 0x1
 853 00af 31       		.uleb128 0x31
 854 00b0 13       		.uleb128 0x13
 855 00b1 00       		.byte	0
 856 00b2 00       		.byte	0
 857 00b3 0D       		.uleb128 0xd
 858 00b4 34       		.uleb128 0x34
 859 00b5 00       		.byte	0
 860 00b6 03       		.uleb128 0x3
 861 00b7 0E       		.uleb128 0xe
 862 00b8 3A       		.uleb128 0x3a
 863 00b9 0B       		.uleb128 0xb
 864 00ba 3B       		.uleb128 0x3b
 865 00bb 05       		.uleb128 0x5
 866 00bc 49       		.uleb128 0x49
 867 00bd 13       		.uleb128 0x13
 868 00be 3F       		.uleb128 0x3f
 869 00bf 19       		.uleb128 0x19
 870 00c0 3C       		.uleb128 0x3c
 871 00c1 19       		.uleb128 0x19
 872 00c2 00       		.byte	0
 873 00c3 00       		.byte	0
 874 00c4 0E       		.uleb128 0xe
 875 00c5 35       		.uleb128 0x35
 876 00c6 00       		.byte	0
 877 00c7 49       		.uleb128 0x49
 878 00c8 13       		.uleb128 0x13
 879 00c9 00       		.byte	0
 880 00ca 00       		.byte	0
 881 00cb 0F       		.uleb128 0xf
 882 00cc 2E       		.uleb128 0x2e
 883 00cd 00       		.byte	0
 884 00ce 3F       		.uleb128 0x3f
 885 00cf 19       		.uleb128 0x19
 886 00d0 03       		.uleb128 0x3
 887 00d1 0E       		.uleb128 0xe
 888 00d2 3A       		.uleb128 0x3a
 889 00d3 0B       		.uleb128 0xb
 890 00d4 3B       		.uleb128 0x3b
 891 00d5 0B       		.uleb128 0xb
ARM GAS  C:\Users\Omistaja\AppData\Local\Temp\cceTJGuk.s 			page 18


 892 00d6 27       		.uleb128 0x27
 893 00d7 19       		.uleb128 0x19
 894 00d8 3C       		.uleb128 0x3c
 895 00d9 19       		.uleb128 0x19
 896 00da 00       		.byte	0
 897 00db 00       		.byte	0
 898 00dc 10       		.uleb128 0x10
 899 00dd 2E       		.uleb128 0x2e
 900 00de 01       		.byte	0x1
 901 00df 3F       		.uleb128 0x3f
 902 00e0 19       		.uleb128 0x19
 903 00e1 03       		.uleb128 0x3
 904 00e2 0E       		.uleb128 0xe
 905 00e3 3A       		.uleb128 0x3a
 906 00e4 0B       		.uleb128 0xb
 907 00e5 3B       		.uleb128 0x3b
 908 00e6 0B       		.uleb128 0xb
 909 00e7 27       		.uleb128 0x27
 910 00e8 19       		.uleb128 0x19
 911 00e9 3C       		.uleb128 0x3c
 912 00ea 19       		.uleb128 0x19
 913 00eb 01       		.uleb128 0x1
 914 00ec 13       		.uleb128 0x13
 915 00ed 00       		.byte	0
 916 00ee 00       		.byte	0
 917 00ef 11       		.uleb128 0x11
 918 00f0 05       		.uleb128 0x5
 919 00f1 00       		.byte	0
 920 00f2 49       		.uleb128 0x49
 921 00f3 13       		.uleb128 0x13
 922 00f4 00       		.byte	0
 923 00f5 00       		.byte	0
 924 00f6 12       		.uleb128 0x12
 925 00f7 2E       		.uleb128 0x2e
 926 00f8 01       		.byte	0x1
 927 00f9 3F       		.uleb128 0x3f
 928 00fa 19       		.uleb128 0x19
 929 00fb 03       		.uleb128 0x3
 930 00fc 0E       		.uleb128 0xe
 931 00fd 3A       		.uleb128 0x3a
 932 00fe 0B       		.uleb128 0xb
 933 00ff 3B       		.uleb128 0x3b
 934 0100 0B       		.uleb128 0xb
 935 0101 27       		.uleb128 0x27
 936 0102 19       		.uleb128 0x19
 937 0103 3C       		.uleb128 0x3c
 938 0104 19       		.uleb128 0x19
 939 0105 00       		.byte	0
 940 0106 00       		.byte	0
 941 0107 00       		.byte	0
 942              		.section	.debug_loc,"",%progbits
 943              	.Ldebug_loc0:
 944              	.LLST0:
 945 0000 00000000 		.4byte	.LVL2
 946 0004 08000000 		.4byte	.LVL3
 947 0008 0100     		.2byte	0x1
 948 000a 50       		.byte	0x50
ARM GAS  C:\Users\Omistaja\AppData\Local\Temp\cceTJGuk.s 			page 19


 949 000b 08000000 		.4byte	.LVL3
 950 000f 26000000 		.4byte	.LFE65
 951 0013 0400     		.2byte	0x4
 952 0015 F3       		.byte	0xf3
 953 0016 01       		.uleb128 0x1
 954 0017 50       		.byte	0x50
 955 0018 9F       		.byte	0x9f
 956 0019 00000000 		.4byte	0
 957 001d 00000000 		.4byte	0
 958              	.LLST1:
 959 0021 00000000 		.4byte	.LVL2
 960 0025 0B000000 		.4byte	.LVL4-1
 961 0029 0100     		.2byte	0x1
 962 002b 51       		.byte	0x51
 963 002c 0B000000 		.4byte	.LVL4-1
 964 0030 26000000 		.4byte	.LFE65
 965 0034 0100     		.2byte	0x1
 966 0036 55       		.byte	0x55
 967 0037 00000000 		.4byte	0
 968 003b 00000000 		.4byte	0
 969              	.LLST2:
 970 003f 00000000 		.4byte	.LVL9
 971 0043 09000000 		.4byte	.LVL10-1
 972 0047 0100     		.2byte	0x1
 973 0049 50       		.byte	0x50
 974 004a 09000000 		.4byte	.LVL10-1
 975 004e 18000000 		.4byte	.LFE66
 976 0052 0400     		.2byte	0x4
 977 0054 F3       		.byte	0xf3
 978 0055 01       		.uleb128 0x1
 979 0056 50       		.byte	0x50
 980 0057 9F       		.byte	0x9f
 981 0058 00000000 		.4byte	0
 982 005c 00000000 		.4byte	0
 983              	.LLST3:
 984 0060 00000000 		.4byte	.LVL9
 985 0064 09000000 		.4byte	.LVL10-1
 986 0068 0100     		.2byte	0x1
 987 006a 51       		.byte	0x51
 988 006b 09000000 		.4byte	.LVL10-1
 989 006f 18000000 		.4byte	.LFE66
 990 0073 0400     		.2byte	0x4
 991 0075 F3       		.byte	0xf3
 992 0076 01       		.uleb128 0x1
 993 0077 51       		.byte	0x51
 994 0078 9F       		.byte	0x9f
 995 0079 00000000 		.4byte	0
 996 007d 00000000 		.4byte	0
 997              	.LLST4:
 998 0081 00000000 		.4byte	.LVL9
 999 0085 09000000 		.4byte	.LVL10-1
 1000 0089 0100     		.2byte	0x1
 1001 008b 52       		.byte	0x52
 1002 008c 09000000 		.4byte	.LVL10-1
 1003 0090 18000000 		.4byte	.LFE66
 1004 0094 0100     		.2byte	0x1
 1005 0096 54       		.byte	0x54
ARM GAS  C:\Users\Omistaja\AppData\Local\Temp\cceTJGuk.s 			page 20


 1006 0097 00000000 		.4byte	0
 1007 009b 00000000 		.4byte	0
 1008              	.LLST5:
 1009 009f 00000000 		.4byte	.LVL13
 1010 00a3 0A000000 		.4byte	.LVL14
 1011 00a7 0100     		.2byte	0x1
 1012 00a9 50       		.byte	0x50
 1013 00aa 0A000000 		.4byte	.LVL14
 1014 00ae 22000000 		.4byte	.LFE67
 1015 00b2 0400     		.2byte	0x4
 1016 00b4 F3       		.byte	0xf3
 1017 00b5 01       		.uleb128 0x1
 1018 00b6 50       		.byte	0x50
 1019 00b7 9F       		.byte	0x9f
 1020 00b8 00000000 		.4byte	0
 1021 00bc 00000000 		.4byte	0
 1022              	.LLST6:
 1023 00c0 00000000 		.4byte	.LVL13
 1024 00c4 0D000000 		.4byte	.LVL15-1
 1025 00c8 0100     		.2byte	0x1
 1026 00ca 51       		.byte	0x51
 1027 00cb 0D000000 		.4byte	.LVL15-1
 1028 00cf 22000000 		.4byte	.LFE67
 1029 00d3 0400     		.2byte	0x4
 1030 00d5 F3       		.byte	0xf3
 1031 00d6 01       		.uleb128 0x1
 1032 00d7 51       		.byte	0x51
 1033 00d8 9F       		.byte	0x9f
 1034 00d9 00000000 		.4byte	0
 1035 00dd 00000000 		.4byte	0
 1036              	.LLST7:
 1037 00e1 00000000 		.4byte	.LVL13
 1038 00e5 0D000000 		.4byte	.LVL15-1
 1039 00e9 0100     		.2byte	0x1
 1040 00eb 52       		.byte	0x52
 1041 00ec 0D000000 		.4byte	.LVL15-1
 1042 00f0 22000000 		.4byte	.LFE67
 1043 00f4 0100     		.2byte	0x1
 1044 00f6 54       		.byte	0x54
 1045 00f7 00000000 		.4byte	0
 1046 00fb 00000000 		.4byte	0
 1047              	.LLST8:
 1048 00ff 00000000 		.4byte	.LVL19
 1049 0103 08000000 		.4byte	.LVL20
 1050 0107 0100     		.2byte	0x1
 1051 0109 50       		.byte	0x50
 1052 010a 08000000 		.4byte	.LVL20
 1053 010e 26000000 		.4byte	.LFE68
 1054 0112 0400     		.2byte	0x4
 1055 0114 F3       		.byte	0xf3
 1056 0115 01       		.uleb128 0x1
 1057 0116 50       		.byte	0x50
 1058 0117 9F       		.byte	0x9f
 1059 0118 00000000 		.4byte	0
 1060 011c 00000000 		.4byte	0
 1061              	.LLST9:
 1062 0120 00000000 		.4byte	.LVL19
ARM GAS  C:\Users\Omistaja\AppData\Local\Temp\cceTJGuk.s 			page 21


 1063 0124 0B000000 		.4byte	.LVL21-1
 1064 0128 0100     		.2byte	0x1
 1065 012a 51       		.byte	0x51
 1066 012b 0B000000 		.4byte	.LVL21-1
 1067 012f 26000000 		.4byte	.LFE68
 1068 0133 0100     		.2byte	0x1
 1069 0135 55       		.byte	0x55
 1070 0136 00000000 		.4byte	0
 1071 013a 00000000 		.4byte	0
 1072              		.section	.debug_aranges,"",%progbits
 1073 0000 44000000 		.4byte	0x44
 1074 0004 0200     		.2byte	0x2
 1075 0006 00000000 		.4byte	.Ldebug_info0
 1076 000a 04       		.byte	0x4
 1077 000b 00       		.byte	0
 1078 000c 0000     		.2byte	0
 1079 000e 0000     		.2byte	0
 1080 0010 00000000 		.4byte	.LFB63
 1081 0014 08000000 		.4byte	.LFE63-.LFB63
 1082 0018 00000000 		.4byte	.LFB64
 1083 001c 08000000 		.4byte	.LFE64-.LFB64
 1084 0020 00000000 		.4byte	.LFB65
 1085 0024 26000000 		.4byte	.LFE65-.LFB65
 1086 0028 00000000 		.4byte	.LFB66
 1087 002c 18000000 		.4byte	.LFE66-.LFB66
 1088 0030 00000000 		.4byte	.LFB67
 1089 0034 22000000 		.4byte	.LFE67-.LFB67
 1090 0038 00000000 		.4byte	.LFB68
 1091 003c 26000000 		.4byte	.LFE68-.LFB68
 1092 0040 00000000 		.4byte	0
 1093 0044 00000000 		.4byte	0
 1094              		.section	.debug_ranges,"",%progbits
 1095              	.Ldebug_ranges0:
 1096 0000 00000000 		.4byte	.LFB63
 1097 0004 08000000 		.4byte	.LFE63
 1098 0008 00000000 		.4byte	.LFB64
 1099 000c 08000000 		.4byte	.LFE64
 1100 0010 00000000 		.4byte	.LFB65
 1101 0014 26000000 		.4byte	.LFE65
 1102 0018 00000000 		.4byte	.LFB66
 1103 001c 18000000 		.4byte	.LFE66
 1104 0020 00000000 		.4byte	.LFB67
 1105 0024 22000000 		.4byte	.LFE67
 1106 0028 00000000 		.4byte	.LFB68
 1107 002c 26000000 		.4byte	.LFE68
 1108 0030 00000000 		.4byte	0
 1109 0034 00000000 		.4byte	0
 1110              		.section	.debug_line,"",%progbits
 1111              	.Ldebug_line0:
 1112 0000 01020000 		.section	.debug_str,"MS",%progbits,1
 1112      02008D01 
 1112      00000201 
 1112      FB0E0D00 
 1112      01010101 
 1113              	.LASF9:
 1114 0000 5F5F696E 		.ascii	"__int32_t\000"
 1114      7433325F 
ARM GAS  C:\Users\Omistaja\AppData\Local\Temp\cceTJGuk.s 			page 22


 1114      7400
 1115              	.LASF26:
 1116 000a 6D6F746F 		.ascii	"motor_backward\000"
 1116      725F6261 
 1116      636B7761 
 1116      726400
 1117              	.LASF24:
 1118 0019 725F7370 		.ascii	"r_speed\000"
 1118      65656400 
 1119              	.LASF30:
 1120 0021 4D6F746F 		.ascii	"MotorDirRight_Write\000"
 1120      72446972 
 1120      52696768 
 1120      745F5772 
 1120      69746500 
 1121              	.LASF11:
 1122 0035 75696E74 		.ascii	"uint8\000"
 1122      3800
 1123              	.LASF10:
 1124 003b 696E7433 		.ascii	"int32_t\000"
 1124      325F7400 
 1125              	.LASF13:
 1126 0043 666C6F61 		.ascii	"float\000"
 1126      7400
 1127              	.LASF0:
 1128 0049 7369676E 		.ascii	"signed char\000"
 1128      65642063 
 1128      68617200 
 1129              	.LASF20:
 1130 0055 64656C61 		.ascii	"delay\000"
 1130      7900
 1131              	.LASF1:
 1132 005b 756E7369 		.ascii	"unsigned char\000"
 1132      676E6564 
 1132      20636861 
 1132      7200
 1133              	.LASF25:
 1134 0069 6D6F746F 		.ascii	"motor_turn1\000"
 1134      725F7475 
 1134      726E3100 
 1135              	.LASF35:
 1136 0075 433A5C5A 		.ascii	"C:\\Zumo\\Zumo01\\ZumoBot.cydsn\000"
 1136      756D6F5C 
 1136      5A756D6F 
 1136      30315C5A 
 1136      756D6F42 
 1137              	.LASF5:
 1138 0092 6C6F6E67 		.ascii	"long unsigned int\000"
 1138      20756E73 
 1138      69676E65 
 1138      6420696E 
 1138      7400
 1139              	.LASF29:
 1140 00a4 4D6F746F 		.ascii	"MotorDirLeft_Write\000"
 1140      72446972 
 1140      4C656674 
 1140      5F577269 
ARM GAS  C:\Users\Omistaja\AppData\Local\Temp\cceTJGuk.s 			page 23


 1140      746500
 1141              	.LASF36:
 1142 00b7 49544D5F 		.ascii	"ITM_RxBuffer\000"
 1142      52784275 
 1142      66666572 
 1142      00
 1143              	.LASF21:
 1144 00c4 6D6F746F 		.ascii	"motor_forward\000"
 1144      725F666F 
 1144      72776172 
 1144      6400
 1145              	.LASF14:
 1146 00d2 646F7562 		.ascii	"double\000"
 1146      6C6500
 1147              	.LASF18:
 1148 00d9 6D6F746F 		.ascii	"motor_stop\000"
 1148      725F7374 
 1148      6F7000
 1149              	.LASF34:
 1150 00e4 5A756D6F 		.ascii	"ZumoLibrary\\Motor.c\000"
 1150      4C696272 
 1150      6172795C 
 1150      4D6F746F 
 1150      722E6300 
 1151              	.LASF12:
 1152 00f8 75696E74 		.ascii	"uint32\000"
 1152      333200
 1153              	.LASF33:
 1154 00ff 474E5520 		.ascii	"GNU C 4.9.3 20150303 (release) [ARM/embedded-4_9-br"
 1154      4320342E 
 1154      392E3320 
 1154      32303135 
 1154      30333033 
 1155 0132 616E6368 		.ascii	"anch revision 221220] -mcpu=cortex-m3 -mthumb -g -O"
 1155      20726576 
 1155      6973696F 
 1155      6E203232 
 1155      31323230 
 1156 0165 67202D66 		.ascii	"g -ffunction-sections -ffat-lto-objects\000"
 1156      66756E63 
 1156      74696F6E 
 1156      2D736563 
 1156      74696F6E 
 1157              	.LASF8:
 1158 018d 756E7369 		.ascii	"unsigned int\000"
 1158      676E6564 
 1158      20696E74 
 1158      00
 1159              	.LASF23:
 1160 019a 6C5F7370 		.ascii	"l_speed\000"
 1160      65656400 
 1161              	.LASF7:
 1162 01a2 6C6F6E67 		.ascii	"long long unsigned int\000"
 1162      206C6F6E 
 1162      6720756E 
 1162      7369676E 
 1162      65642069 
ARM GAS  C:\Users\Omistaja\AppData\Local\Temp\cceTJGuk.s 			page 24


 1163              	.LASF17:
 1164 01b9 6D6F746F 		.ascii	"motor_start\000"
 1164      725F7374 
 1164      61727400 
 1165              	.LASF31:
 1166 01c5 50574D5F 		.ascii	"PWM_WriteCompare1\000"
 1166      57726974 
 1166      65436F6D 
 1166      70617265 
 1166      3100
 1167              	.LASF32:
 1168 01d7 50574D5F 		.ascii	"PWM_WriteCompare2\000"
 1168      57726974 
 1168      65436F6D 
 1168      70617265 
 1168      3200
 1169              	.LASF19:
 1170 01e9 73706565 		.ascii	"speed\000"
 1170      6400
 1171              	.LASF16:
 1172 01ef 73697A65 		.ascii	"sizetype\000"
 1172      74797065 
 1172      00
 1173              	.LASF6:
 1174 01f8 6C6F6E67 		.ascii	"long long int\000"
 1174      206C6F6E 
 1174      6720696E 
 1174      7400
 1175              	.LASF15:
 1176 0206 63686172 		.ascii	"char\000"
 1176      00
 1177              	.LASF2:
 1178 020b 73686F72 		.ascii	"short int\000"
 1178      7420696E 
 1178      7400
 1179              	.LASF27:
 1180 0215 50574D5F 		.ascii	"PWM_Start\000"
 1180      53746172 
 1180      7400
 1181              	.LASF28:
 1182 021f 50574D5F 		.ascii	"PWM_Stop\000"
 1182      53746F70 
 1182      00
 1183              	.LASF4:
 1184 0228 6C6F6E67 		.ascii	"long int\000"
 1184      20696E74 
 1184      00
 1185              	.LASF22:
 1186 0231 6D6F746F 		.ascii	"motor_turn\000"
 1186      725F7475 
 1186      726E00
 1187              	.LASF3:
 1188 023c 73686F72 		.ascii	"short unsigned int\000"
 1188      7420756E 
 1188      7369676E 
 1188      65642069 
 1188      6E7400
ARM GAS  C:\Users\Omistaja\AppData\Local\Temp\cceTJGuk.s 			page 25


 1189              	.LASF37:
 1190 024f 43794465 		.ascii	"CyDelay\000"
 1190      6C617900 
 1191              		.ident	"GCC: (GNU Tools for ARM Embedded Processors) 4.9.3 20150303 (release) [ARM/embedded-4_9-br
